<?xml version="1.0" encoding="UTF-8"?>
<!-- Generated by org.testng.reporters.JUnitReportReporter -->
<testsuite hostname="DESKTOP-9M4ATQT" failures="0" tests="3" name="org.test.login.TestNG.DataPro" time="114.846" errors="0" timestamp="03 Sep 2019 13:12:07 GMT" skipped="0">
  <testcase classname="org.test.login.TestNG.DataPro" name="login" time="38.883"/>
  <testcase classname="org.test.login.TestNG.DataPro" name="login" time="38.242"/>
  <testcase classname="org.test.login.TestNG.DataPro" name="login" time="37.721"/>
</testsuite> <!-- org.test.login.TestNG.DataPro -->
